<?xml version="1.0" encoding="UTF-8"?>
<!-- Generated by org.testng.reporters.JUnitReportReporter -->
<testsuite hostname="SarthakDell" failures="0" tests="3" name="com.automation.Day15_Feb_06_2024_Applying_OOPs_in_Automation.SearchProduct" time="14.485" errors="0" timestamp="2024-02-06T22:02:15 EST" skipped="0">
  <testcase classname="com.automation.Day15_Feb_06_2024_Applying_OOPs_in_Automation.SearchProduct" name="verifySearchValidProduct" time="3.191"/>
  <testcase classname="com.automation.Day15_Feb_06_2024_Applying_OOPs_in_Automation.SearchProduct" name="verifySearchInvalidProduct" time="4.700"/>
  <testcase classname="com.automation.Day15_Feb_06_2024_Applying_OOPs_in_Automation.SearchProduct" name="verifySearchNoProduct" time="6.594"/>
</testsuite> <!-- com.automation.Day15_Feb_06_2024_Applying_OOPs_in_Automation.SearchProduct -->
