<?xml version="1.0" encoding="UTF-8"?>
<!-- Generated by org.testng.reporters.JUnitReportReporter -->
<testsuite hostname="SarthakDell" failures="0" tests="5" name="com.automation.Day15_Feb_06_2024_Applying_OOPs_in_Automation.Register" time="32.778" errors="0" timestamp="2024-02-21T21:12:59 EST" skipped="0">
  <testcase classname="com.automation.Day15_Feb_06_2024_Applying_OOPs_in_Automation.Register" name="verifyRegisterWithNoDetails" time="5.710"/>
  <testcase classname="com.automation.Day15_Feb_06_2024_Applying_OOPs_in_Automation.Register" name="verifyRegisterWithMandatoryDetails" time="7.220"/>
  <testcase classname="com.automation.Day15_Feb_06_2024_Applying_OOPs_in_Automation.Register" name="verifyRegisterWithAllDetails" time="6.516"/>
  <testcase classname="com.automation.Day15_Feb_06_2024_Applying_OOPs_in_Automation.Register" name="verifyRegisterWithExistingEmail" time="6.742"/>
  <testcase classname="com.automation.Day15_Feb_06_2024_Applying_OOPs_in_Automation.Register" name="verifyRegisterWithWrongConfirmPassword" time="6.590"/>
</testsuite> <!-- com.automation.Day15_Feb_06_2024_Applying_OOPs_in_Automation.Register -->
