<?xml version="1.0" encoding="UTF-8"?>
<!-- Generated by org.testng.reporters.JUnitReportReporter -->
<testsuite hostname="SarthakDell" failures="0" tests="5" name="online_Students_code.Hina_Code" time="33.939" errors="0" timestamp="2024-01-17T22:12:05 EST" skipped="0">
  <testcase classname="online_Students_code.Hina_Code" name="RegisterTestWithMissingLastName" time="8.696"/>
  <testcase classname="online_Students_code.Hina_Code" name="RegisterTestWithValidEmailAddress" time="6.750"/>
  <testcase classname="online_Students_code.Hina_Code" name="RegisterTestWithInvalidEmailAddress" time="7.159"/>
  <testcase classname="online_Students_code.Hina_Code" name="RegisterTestWithInvalidPasswordConfirm" time="6.671"/>
  <testcase classname="online_Students_code.Hina_Code" name="RegisterTestWithInvalidTelephone" time="4.663"/>
</testsuite> <!-- online_Students_code.Hina_Code -->
