<?xml version="1.0" encoding="UTF-8"?>
<!-- Generated by org.testng.reporters.JUnitReportReporter -->
<testsuite hostname="SarthakDell" failures="0" tests="2" name="com.TestNG.Day12_Jan_24_2024_Assertions_In_TestNG.Failures_in_TestNG_Using_Assert" time="6.955" errors="0" timestamp="2024-01-24T21:29:58 EST" skipped="1">
  <testcase classname="com.TestNG.Day12_Jan_24_2024_Assertions_In_TestNG.Failures_in_TestNG_Using_Assert" name="loginWithValidCredentials" time="6.955"/>
  <testcase classname="com.TestNG.Day12_Jan_24_2024_Assertions_In_TestNG.Failures_in_TestNG_Using_Assert" name="loginWithInvalidCredentials">
    <skipped/>
  </testcase> <!-- loginWithInvalidCredentials -->
</testsuite> <!-- com.TestNG.Day12_Jan_24_2024_Assertions_In_TestNG.Failures_in_TestNG_Using_Assert -->
