<?xml version="1.0" encoding="UTF-8"?>
<!-- Generated by org.testng.reporters.JUnitReportReporter -->
<testsuite hostname="SarthakDell" failures="0" tests="7" name="com.TestNG.Day17_Feb_13_2024_DataProvider_ExcelSheet.TestCase" time="39.684" errors="0" timestamp="2024-02-13T22:21:10 EST" skipped="0">
  <testcase classname="com.TestNG.Day17_Feb_13_2024_DataProvider_ExcelSheet.TestCase" name="loginTNTest" time="5.919"/>
  <testcase classname="com.TestNG.Day17_Feb_13_2024_DataProvider_ExcelSheet.TestCase" name="loginTNTest" time="5.596"/>
  <testcase classname="com.TestNG.Day17_Feb_13_2024_DataProvider_ExcelSheet.TestCase" name="loginTNTest" time="5.711"/>
  <testcase classname="com.TestNG.Day17_Feb_13_2024_DataProvider_ExcelSheet.TestCase" name="loginTNTest" time="5.247"/>
  <testcase classname="com.TestNG.Day17_Feb_13_2024_DataProvider_ExcelSheet.TestCase" name="loginTNTest" time="5.123"/>
  <testcase classname="com.TestNG.Day17_Feb_13_2024_DataProvider_ExcelSheet.TestCase" name="loginTNTest" time="6.408"/>
  <testcase classname="com.TestNG.Day17_Feb_13_2024_DataProvider_ExcelSheet.TestCase" name="loginTNTest" time="5.680"/>
</testsuite> <!-- com.TestNG.Day17_Feb_13_2024_DataProvider_ExcelSheet.TestCase -->
