<?xml version="1.0" encoding="UTF-8"?>
<!-- Generated by org.testng.reporters.JUnitReportReporter -->
<testsuite hostname="SarthakDell" failures="0" tests="5" name="com.automation.Day15_Feb_06_2024_Applying_OOPs_in_Automation.Login" time="30.584" errors="0" timestamp="2024-02-21T21:12:59 EST" skipped="0">
  <testcase classname="com.automation.Day15_Feb_06_2024_Applying_OOPs_in_Automation.Login" name="verifyLoginWithValidCredentials" time="6.183"/>
  <testcase classname="com.automation.Day15_Feb_06_2024_Applying_OOPs_in_Automation.Login" name="verifyLoginWithInvalidCredentials" time="6.005"/>
  <testcase classname="com.automation.Day15_Feb_06_2024_Applying_OOPs_in_Automation.Login" name="verifyLoginWithValidEmailInvalidPassword" time="5.971"/>
  <testcase classname="com.automation.Day15_Feb_06_2024_Applying_OOPs_in_Automation.Login" name="verifyLoginWithInvalidEmailValidPassword" time="6.838"/>
  <testcase classname="com.automation.Day15_Feb_06_2024_Applying_OOPs_in_Automation.Login" name="verifyLoginWithNoCredentials" time="5.587"/>
</testsuite> <!-- com.automation.Day15_Feb_06_2024_Applying_OOPs_in_Automation.Login -->
