<?xml version="1.0" encoding="UTF-8"?>
<!-- Generated by org.testng.reporters.JUnitReportReporter -->
<testsuite hostname="SarthakDell" failures="0" tests="1" name="com.automation.Day23_Mar_05_2024_WebTables.Assignment" time="4.891" errors="0" timestamp="2024-03-05T19:25:14 EST" skipped="0">
  <testcase classname="com.automation.Day23_Mar_05_2024_WebTables.Assignment" name="assignment3" time="4.891"/>
</testsuite> <!-- com.automation.Day23_Mar_05_2024_WebTables.Assignment -->
