<?xml version="1.0" encoding="UTF-8"?>
<!-- Generated by org.testng.reporters.JUnitReportReporter -->
<testsuite hostname="SarthakDell" failures="0" tests="1" name="com.automation.Day24_Mar_06_2024_Multiple_WebElements.BBC_Links_StatusCode_200" time="8.286" errors="0" timestamp="2024-03-06T20:39:54 EST" skipped="0">
  <testcase classname="com.automation.Day24_Mar_06_2024_Multiple_WebElements.BBC_Links_StatusCode_200" name="bbcStatusCodeValidateAndClick" time="8.286"/>
</testsuite> <!-- com.automation.Day24_Mar_06_2024_Multiple_WebElements.BBC_Links_StatusCode_200 -->
