<?xml version="1.0" encoding="UTF-8"?>
<!-- Generated by org.testng.reporters.JUnitReportReporter -->
<testsuite hostname="SarthakDell" failures="0" tests="1" name="com.TestNG.Day12_Jan_24_2024_Assertions_In_TestNG.TN_Login_Validations_Using_Assert" time="6.022" errors="0" timestamp="2024-01-24T19:28:13 EST" skipped="0">
  <testcase classname="com.TestNG.Day12_Jan_24_2024_Assertions_In_TestNG.TN_Login_Validations_Using_Assert" name="enterValidEmailInvalidPassword" time="6.022"/>
</testsuite> <!-- com.TestNG.Day12_Jan_24_2024_Assertions_In_TestNG.TN_Login_Validations_Using_Assert -->
