<?xml version="1.0" encoding="UTF-8"?>
<!-- Generated by org.testng.reporters.JUnitReportReporter -->
<testsuite hostname="SarthakDell" failures="0" tests="1" name="com.automation.Day23_Mar_05_2024_Dynamic_Dropdowns.AutoSuggestive_Dropdown" time="25.657" errors="0" timestamp="2024-03-05T20:43:25 EST" skipped="0">
  <testcase classname="com.automation.Day23_Mar_05_2024_Dynamic_Dropdowns.AutoSuggestive_Dropdown" name="makeMyTripAutoSuggestiveDropdown" time="25.657"/>
</testsuite> <!-- com.automation.Day23_Mar_05_2024_Dynamic_Dropdowns.AutoSuggestive_Dropdown -->
