<?xml version="1.0" encoding="UTF-8"?>
<!-- Generated by org.testng.reporters.JUnitReportReporter -->
<testsuite hostname="SarthakDell" failures="0" tests="5" name="com.TestNG.Day10_Jan_17_2024_Introduction_to_TestNG.NegativeTestCases_Acknowledgement" time="30.347" errors="0" timestamp="2024-01-17T21:48:15 EST" skipped="0">
  <testcase classname="com.TestNG.Day10_Jan_17_2024_Introduction_to_TestNG.NegativeTestCases_Acknowledgement" name="loginTestWithValidEmailValidPassword" time="5.945"/>
  <testcase classname="com.TestNG.Day10_Jan_17_2024_Introduction_to_TestNG.NegativeTestCases_Acknowledgement" name="loginTestWithInvalidEmailValidPassword" time="5.821"/>
  <testcase classname="com.TestNG.Day10_Jan_17_2024_Introduction_to_TestNG.NegativeTestCases_Acknowledgement" name="loginTestWithInvalidEmailInvalidPassword" time="8.167"/>
  <testcase classname="com.TestNG.Day10_Jan_17_2024_Introduction_to_TestNG.NegativeTestCases_Acknowledgement" name="loginTestWithNoCredentials" time="4.405"/>
  <testcase classname="com.TestNG.Day10_Jan_17_2024_Introduction_to_TestNG.NegativeTestCases_Acknowledgement" name="loginTestWithValidEmailInvalidPassword" time="6.009"/>
</testsuite> <!-- com.TestNG.Day10_Jan_17_2024_Introduction_to_TestNG.NegativeTestCases_Acknowledgement -->
