<?xml version="1.0" encoding="UTF-8"?>
<!-- Generated by org.testng.reporters.JUnitReportReporter -->
<testsuite hostname="SarthakDell" failures="0" tests="12" name="com.TestNG.Day16_Feb_07_2024_DataProvider.TestCases_SeparateClass" time="77.522" errors="0" timestamp="2024-02-07T22:05:34 EST" skipped="0">
  <testcase classname="com.TestNG.Day16_Feb_07_2024_DataProvider.TestCases_SeparateClass" name="loginTest" time="5.475"/>
  <testcase classname="com.TestNG.Day16_Feb_07_2024_DataProvider.TestCases_SeparateClass" name="loginTest" time="5.679"/>
  <testcase classname="com.TestNG.Day16_Feb_07_2024_DataProvider.TestCases_SeparateClass" name="loginTest" time="10.062"/>
  <testcase classname="com.TestNG.Day16_Feb_07_2024_DataProvider.TestCases_SeparateClass" name="loginTest" time="6.302"/>
  <testcase classname="com.TestNG.Day16_Feb_07_2024_DataProvider.TestCases_SeparateClass" name="loginTest" time="6.750"/>
  <testcase classname="com.TestNG.Day16_Feb_07_2024_DataProvider.TestCases_SeparateClass" name="loginTest" time="5.976"/>
  <testcase classname="com.TestNG.Day16_Feb_07_2024_DataProvider.TestCases_SeparateClass" name="loginTest" time="5.978"/>
  <testcase classname="com.TestNG.Day16_Feb_07_2024_DataProvider.TestCases_SeparateClass" name="loginTest" time="5.966"/>
  <testcase classname="com.TestNG.Day16_Feb_07_2024_DataProvider.TestCases_SeparateClass" name="loginTest" time="6.569"/>
  <testcase classname="com.TestNG.Day16_Feb_07_2024_DataProvider.TestCases_SeparateClass" name="loginTest" time="5.620"/>
  <testcase classname="com.TestNG.Day16_Feb_07_2024_DataProvider.TestCases_SeparateClass" name="registerTest" time="7.177"/>
  <testcase classname="com.TestNG.Day16_Feb_07_2024_DataProvider.TestCases_SeparateClass" name="registerTest" time="5.968"/>
</testsuite> <!-- com.TestNG.Day16_Feb_07_2024_DataProvider.TestCases_SeparateClass -->
