<?xml version="1.0" encoding="UTF-8"?>
<!-- Generated by org.testng.reporters.JUnitReportReporter -->
<testsuite hostname="SarthakDell" failures="0" tests="2" name="com.TestNG.Day17_Feb_13_2024_Parametertization_Of_TestCases.Parameterization_TestNG_Xml_file" time="14.902" errors="0" timestamp="2024-02-13T22:48:46 EST" skipped="0">
  <testcase classname="com.TestNG.Day17_Feb_13_2024_Parametertization_Of_TestCases.Parameterization_TestNG_Xml_file" name="loginTNParameterizationConcept" time="7.315"/>
  <testcase classname="com.TestNG.Day17_Feb_13_2024_Parametertization_Of_TestCases.Parameterization_TestNG_Xml_file" name="registerTNParameterizationConcept" time="7.587"/>
</testsuite> <!-- com.TestNG.Day17_Feb_13_2024_Parametertization_Of_TestCases.Parameterization_TestNG_Xml_file -->
