<?xml version="1.0" encoding="UTF-8"?>
<!-- Generated by org.testng.reporters.JUnitReportReporter -->
<testsuite hostname="SarthakDell" failures="0" tests="3" name="com.TestNG.Day10_Jan_17_2024_Introduction_to_TestNG.Enablement_Disablement_TestCases" time="0.011" errors="0" timestamp="2024-01-17T22:41:50 EST" skipped="1">
  <testcase classname="com.TestNG.Day10_Jan_17_2024_Introduction_to_TestNG.Enablement_Disablement_TestCases" name="logic1" time="0.010"/>
  <testcase classname="com.TestNG.Day10_Jan_17_2024_Introduction_to_TestNG.Enablement_Disablement_TestCases" name="logic3" time="0.001"/>
  <testcase classname="com.TestNG.Day10_Jan_17_2024_Introduction_to_TestNG.Enablement_Disablement_TestCases" name="logic2">
    <skipped/>
  </testcase> <!-- logic2 -->
</testsuite> <!-- com.TestNG.Day10_Jan_17_2024_Introduction_to_TestNG.Enablement_Disablement_TestCases -->
