<?xml version="1.0" encoding="UTF-8"?>
<!-- Generated by org.testng.reporters.JUnitReportReporter -->
<testsuite hostname="SarthakDell" failures="0" tests="1" name="com.automation.Day11_Jan_23_2024_New_Browser_Window_Tab_In_Automation.New_Tab_New_Window" time="11.955" errors="0" timestamp="2024-01-23T21:51:23 EST" skipped="0">
  <testcase classname="com.automation.Day11_Jan_23_2024_New_Browser_Window_Tab_In_Automation.New_Tab_New_Window" name="howToUseClear" time="11.955"/>
</testsuite> <!-- com.automation.Day11_Jan_23_2024_New_Browser_Window_Tab_In_Automation.New_Tab_New_Window -->
