<?xml version="1.0" encoding="UTF-8"?>
<!-- Generated by org.testng.reporters.JUnitReportReporter -->
<testsuite hostname="SarthakDell" failures="0" tests="5" name="com.automation.Day15_Feb_06_2024_Applying_OOPs_in_Automation.Register" time="31.131" errors="0" timestamp="2024-02-06T22:02:15 EST" skipped="0">
  <testcase classname="com.automation.Day15_Feb_06_2024_Applying_OOPs_in_Automation.Register" name="verifyRegisterWithNoDetails" time="5.686"/>
  <testcase classname="com.automation.Day15_Feb_06_2024_Applying_OOPs_in_Automation.Register" name="verifyRegisterWithMandatoryDetails" time="5.915"/>
  <testcase classname="com.automation.Day15_Feb_06_2024_Applying_OOPs_in_Automation.Register" name="verifyRegisterWithAllDetails" time="7.173"/>
  <testcase classname="com.automation.Day15_Feb_06_2024_Applying_OOPs_in_Automation.Register" name="verifyRegisterWithExistingEmail" time="6.148"/>
  <testcase classname="com.automation.Day15_Feb_06_2024_Applying_OOPs_in_Automation.Register" name="verifyRegisterWithWrongConfirmPassword" time="6.209"/>
</testsuite> <!-- com.automation.Day15_Feb_06_2024_Applying_OOPs_in_Automation.Register -->
