<?xml version="1.0" encoding="UTF-8"?>
<!-- Generated by org.testng.reporters.JUnitReportReporter -->
<testsuite hostname="SarthakDell" failures="0" tests="1" name="com.automation.Day18_Feb_14_2024_Mouse_Keyboard_Actions.Keyboard_Actions" time="5.397" errors="0" timestamp="2024-02-14T22:18:15 EST" skipped="0">
  <testcase classname="com.automation.Day18_Feb_14_2024_Mouse_Keyboard_Actions.Keyboard_Actions" name="loginTutorialsNinjaKeyBoard" time="5.397"/>
</testsuite> <!-- com.automation.Day18_Feb_14_2024_Mouse_Keyboard_Actions.Keyboard_Actions -->
