<?xml version="1.0" encoding="UTF-8"?>
<!-- Generated by org.testng.reporters.JUnitReportReporter -->
<testsuite hostname="SarthakDell" failures="0" tests="1" name="com.automation.Day14_Jan_31_2024_Introduction_To_DataDriven_Testing.TN_Data_From_PropertiesFile" time="0.009" errors="0" timestamp="2024-01-31T22:49:59 EST" skipped="0">
  <testcase classname="com.automation.Day14_Jan_31_2024_Introduction_To_DataDriven_Testing.TN_Data_From_PropertiesFile" name="userPath" time="0.009"/>
</testsuite> <!-- com.automation.Day14_Jan_31_2024_Introduction_To_DataDriven_Testing.TN_Data_From_PropertiesFile -->
