<?xml version="1.0" encoding="UTF-8"?>
<!-- Generated by org.testng.reporters.JUnitReportReporter -->
<testsuite hostname="SarthakDell" failures="0" tests="1" name="com.automation.Day18_Feb_14_2024_Wait_Selenium_Extra_Topics.Screenshots" time="5.401" errors="0" timestamp="2024-02-14T21:25:51 EST" skipped="0">
  <testcase classname="com.automation.Day18_Feb_14_2024_Wait_Selenium_Extra_Topics.Screenshots" name="howToCaptureScreenShot" time="5.401"/>
</testsuite> <!-- com.automation.Day18_Feb_14_2024_Wait_Selenium_Extra_Topics.Screenshots -->
