<?xml version="1.0" encoding="UTF-8"?>
<!-- Generated by org.testng.reporters.JUnitReportReporter -->
<testsuite hostname="SarthakDell" failures="0" tests="3" name="com.TestNG.Day20_Feb_21_2024_TestNG_RunningMultipleSuites_Regression.RegressionTestCases_Login" time="0.004" errors="0" timestamp="2024-02-21T20:47:31 EST" skipped="0">
  <testcase classname="com.TestNG.Day20_Feb_21_2024_TestNG_RunningMultipleSuites_Regression.RegressionTestCases_Login" name="test7" time="0.002"/>
  <testcase classname="com.TestNG.Day20_Feb_21_2024_TestNG_RunningMultipleSuites_Regression.RegressionTestCases_Login" name="test8" time="0.001"/>
  <testcase classname="com.TestNG.Day20_Feb_21_2024_TestNG_RunningMultipleSuites_Regression.RegressionTestCases_Login" name="test9" time="0.001"/>
</testsuite> <!-- com.TestNG.Day20_Feb_21_2024_TestNG_RunningMultipleSuites_Regression.RegressionTestCases_Login -->
