<?xml version="1.0" encoding="UTF-8"?>
<!-- Generated by org.testng.reporters.JUnitReportReporter -->
<testsuite hostname="SarthakDell" failures="0" tests="1" name="com.automation.Day18_Feb_14_2024_Mouse_Keyboard_Actions.Mouse_Actions" time="4.253" errors="0" timestamp="2024-02-14T22:45:13 EST" skipped="0">
  <testcase classname="com.automation.Day18_Feb_14_2024_Mouse_Keyboard_Actions.Mouse_Actions" name="mouseActionsOperationsDragAndDrop" time="4.253"/>
</testsuite> <!-- com.automation.Day18_Feb_14_2024_Mouse_Keyboard_Actions.Mouse_Actions -->
