<?xml version="1.0" encoding="UTF-8"?>
<!-- Generated by org.testng.reporters.JUnitReportReporter -->
<testsuite hostname="SarthakDell" failures="0" tests="1" name="com.automation.Day18_Feb_14_2024_Wait_Selenium_Extra_Topics.Handling_Frames" time="4.637" errors="0" timestamp="2024-02-14T19:37:43 EST" skipped="0">
  <testcase classname="com.automation.Day18_Feb_14_2024_Wait_Selenium_Extra_Topics.Handling_Frames" name="managingFrames" time="4.637"/>
</testsuite> <!-- com.automation.Day18_Feb_14_2024_Wait_Selenium_Extra_Topics.Handling_Frames -->
