<?xml version="1.0" encoding="UTF-8"?>
<!-- Generated by org.testng.reporters.JUnitReportReporter -->
<testsuite hostname="SarthakDell" failures="0" tests="1" name="com.automation.Day18_Feb_14_2024_Wait_BrowserOptions.ChromeOptions_ChromeBrowser" time="5.406" errors="0" timestamp="2024-02-14T19:04:57 EST" skipped="0">
  <testcase classname="com.automation.Day18_Feb_14_2024_Wait_BrowserOptions.ChromeOptions_ChromeBrowser" name="tutorialsNinjaLogin" time="5.406"/>
</testsuite> <!-- com.automation.Day18_Feb_14_2024_Wait_BrowserOptions.ChromeOptions_ChromeBrowser -->
