<?xml version="1.0" encoding="UTF-8"?>
<!-- Generated by org.testng.reporters.JUnitReportReporter -->
<testsuite hostname="SarthakDell" failures="0" tests="1" name="com.automation.Day15_Feb_06_2024_DataDriven_Testing.DataDriven_PropertiesFile_TN_Register" time="0.008" errors="0" timestamp="2024-02-06T18:33:48 EST" skipped="0">
  <testcase classname="com.automation.Day15_Feb_06_2024_DataDriven_Testing.DataDriven_PropertiesFile_TN_Register" name="checkCommonPath" time="0.008"/>
</testsuite> <!-- com.automation.Day15_Feb_06_2024_DataDriven_Testing.DataDriven_PropertiesFile_TN_Register -->
