<?xml version="1.0" encoding="UTF-8"?>
<!-- Generated by org.testng.reporters.JUnitReportReporter -->
<testsuite hostname="SarthakDell" failures="0" tests="12" name="com.TestNG.Day16_Feb_07_2024_DataProvider.MultipleTestCases_MultipleDataProviders_SameClass" time="72.098" errors="0" timestamp="2024-02-07T21:56:58 EST" skipped="0">
  <testcase classname="com.TestNG.Day16_Feb_07_2024_DataProvider.MultipleTestCases_MultipleDataProviders_SameClass" name="loginTest" time="5.707"/>
  <testcase classname="com.TestNG.Day16_Feb_07_2024_DataProvider.MultipleTestCases_MultipleDataProviders_SameClass" name="loginTest" time="5.498"/>
  <testcase classname="com.TestNG.Day16_Feb_07_2024_DataProvider.MultipleTestCases_MultipleDataProviders_SameClass" name="loginTest" time="5.523"/>
  <testcase classname="com.TestNG.Day16_Feb_07_2024_DataProvider.MultipleTestCases_MultipleDataProviders_SameClass" name="loginTest" time="6.304"/>
  <testcase classname="com.TestNG.Day16_Feb_07_2024_DataProvider.MultipleTestCases_MultipleDataProviders_SameClass" name="loginTest" time="6.291"/>
  <testcase classname="com.TestNG.Day16_Feb_07_2024_DataProvider.MultipleTestCases_MultipleDataProviders_SameClass" name="loginTest" time="5.613"/>
  <testcase classname="com.TestNG.Day16_Feb_07_2024_DataProvider.MultipleTestCases_MultipleDataProviders_SameClass" name="loginTest" time="5.967"/>
  <testcase classname="com.TestNG.Day16_Feb_07_2024_DataProvider.MultipleTestCases_MultipleDataProviders_SameClass" name="loginTest" time="6.019"/>
  <testcase classname="com.TestNG.Day16_Feb_07_2024_DataProvider.MultipleTestCases_MultipleDataProviders_SameClass" name="loginTest" time="5.959"/>
  <testcase classname="com.TestNG.Day16_Feb_07_2024_DataProvider.MultipleTestCases_MultipleDataProviders_SameClass" name="loginTest" time="5.827"/>
  <testcase classname="com.TestNG.Day16_Feb_07_2024_DataProvider.MultipleTestCases_MultipleDataProviders_SameClass" name="registerTest" time="6.557"/>
  <testcase classname="com.TestNG.Day16_Feb_07_2024_DataProvider.MultipleTestCases_MultipleDataProviders_SameClass" name="registerTest" time="6.833"/>
</testsuite> <!-- com.TestNG.Day16_Feb_07_2024_DataProvider.MultipleTestCases_MultipleDataProviders_SameClass -->
