<?xml version="1.0" encoding="UTF-8"?>
<!-- Generated by org.testng.reporters.JUnitReportReporter -->
<testsuite hostname="SarthakDell" failures="0" tests="2" name="com.TestNG.Day16_Feb_07_2024_DataProvider.DataProvider_TutorialsNinjaRegister" time="13.367" errors="0" timestamp="2024-02-07T21:50:21 EST" skipped="0">
  <testcase classname="com.TestNG.Day16_Feb_07_2024_DataProvider.DataProvider_TutorialsNinjaRegister" name="registerTest" time="6.263"/>
  <testcase classname="com.TestNG.Day16_Feb_07_2024_DataProvider.DataProvider_TutorialsNinjaRegister" name="registerTest" time="7.104"/>
</testsuite> <!-- com.TestNG.Day16_Feb_07_2024_DataProvider.DataProvider_TutorialsNinjaRegister -->
