<?xml version="1.0" encoding="UTF-8"?>
<!-- Generated by org.testng.reporters.JUnitReportReporter -->
<testsuite hostname="SarthakDell" failures="0" tests="1" name="com.automation.Day11_Jan_23_2024_Cookies_Dropdown.Select_Dropdown" time="5.743" errors="0" timestamp="2024-01-23T22:07:58 EST" skipped="0">
  <testcase classname="com.automation.Day11_Jan_23_2024_Cookies_Dropdown.Select_Dropdown" name="facebookDateOfBirthDropdown" time="5.743"/>
</testsuite> <!-- com.automation.Day11_Jan_23_2024_Cookies_Dropdown.Select_Dropdown -->
