<?xml version="1.0" encoding="UTF-8"?>
<!-- Generated by org.testng.reporters.JUnitReportReporter -->
<testsuite hostname="SarthakDell" failures="0" tests="5" name="com.TestNG.Day10_Jan_17_2024_Introduction_to_TestNG.TutorialsNinjaRegister_Negative_TestCases" time="36.497" errors="0" timestamp="2024-01-17T22:28:26 EST" skipped="0">
  <testcase classname="com.TestNG.Day10_Jan_17_2024_Introduction_to_TestNG.TutorialsNinjaRegister_Negative_TestCases" name="registerWithExistingEmail" time="7.446"/>
  <testcase classname="com.TestNG.Day10_Jan_17_2024_Introduction_to_TestNG.TutorialsNinjaRegister_Negative_TestCases" name="registerWithMandatoryDetails" time="8.616"/>
  <testcase classname="com.TestNG.Day10_Jan_17_2024_Introduction_to_TestNG.TutorialsNinjaRegister_Negative_TestCases" name="registerWithPasswordConfirmMismatch" time="6.105"/>
  <testcase classname="com.TestNG.Day10_Jan_17_2024_Introduction_to_TestNG.TutorialsNinjaRegister_Negative_TestCases" name="registerWithAllDetails" time="7.298"/>
  <testcase classname="com.TestNG.Day10_Jan_17_2024_Introduction_to_TestNG.TutorialsNinjaRegister_Negative_TestCases" name="registerWithNoDetails" time="7.032"/>
</testsuite> <!-- com.TestNG.Day10_Jan_17_2024_Introduction_to_TestNG.TutorialsNinjaRegister_Negative_TestCases -->
