<?xml version="1.0" encoding="UTF-8"?>
<!-- Generated by org.testng.reporters.JUnitReportReporter -->
<testsuite hostname="SarthakDell" failures="0" tests="3" name="com.TestNG.Day16_Feb_07_2024_DataProvider.Rules_DataProvider" time="0.008" errors="0" timestamp="2024-02-07T21:13:44 EST" skipped="0">
  <testcase classname="com.TestNG.Day16_Feb_07_2024_DataProvider.Rules_DataProvider" name="loginTest" time="0.001"/>
  <testcase classname="com.TestNG.Day16_Feb_07_2024_DataProvider.Rules_DataProvider" name="loginTest" time="0.001"/>
  <testcase classname="com.TestNG.Day16_Feb_07_2024_DataProvider.Rules_DataProvider" name="loginTest" time="0.006"/>
</testsuite> <!-- com.TestNG.Day16_Feb_07_2024_DataProvider.Rules_DataProvider -->
