<?xml version="1.0" encoding="UTF-8"?>
<!-- Generated by org.testng.reporters.JUnitReportReporter -->
<testsuite hostname="SarthakDell" failures="0" tests="5" name="com.TestNG.Day12_Jan_24_2024_Assertions_In_TestNG.Class_Assignment_Assertions_Register" time="29.888" errors="0" timestamp="2024-01-24T22:42:51 EST" skipped="0">
  <testcase classname="com.TestNG.Day12_Jan_24_2024_Assertions_In_TestNG.Class_Assignment_Assertions_Register" name="registerWithNoInputs" time="5.422"/>
  <testcase classname="com.TestNG.Day12_Jan_24_2024_Assertions_In_TestNG.Class_Assignment_Assertions_Register" name="registerWithMandatoryDetails" time="6.125"/>
  <testcase classname="com.TestNG.Day12_Jan_24_2024_Assertions_In_TestNG.Class_Assignment_Assertions_Register" name="registerWithAllDetails" time="5.779"/>
  <testcase classname="com.TestNG.Day12_Jan_24_2024_Assertions_In_TestNG.Class_Assignment_Assertions_Register" name="registerWithExistingEmail" time="6.207"/>
  <testcase classname="com.TestNG.Day12_Jan_24_2024_Assertions_In_TestNG.Class_Assignment_Assertions_Register" name="registerWithWrongConfirmPassword" time="6.355"/>
</testsuite> <!-- com.TestNG.Day12_Jan_24_2024_Assertions_In_TestNG.Class_Assignment_Assertions_Register -->
