<?xml version="1.0" encoding="UTF-8"?>
<!-- Generated by org.testng.reporters.JUnitReportReporter -->
<testsuite hostname="SarthakDell" failures="0" tests="1" name="online_Students_code.Explain_Calling_Via_Object_Reference" time="6.979" errors="0" timestamp="2024-01-30T21:29:09 EST" skipped="0">
  <testcase classname="online_Students_code.Explain_Calling_Via_Object_Reference" name="check" time="6.979"/>
</testsuite> <!-- online_Students_code.Explain_Calling_Via_Object_Reference -->
