<?xml version="1.0" encoding="UTF-8"?>
<!-- Generated by org.testng.reporters.JUnitReportReporter -->
<testsuite hostname="SarthakDell" failures="0" tests="1" name="com.automation.Day23_Mar_05_2024_Dynamic_Dropdowns.Looping_Dropdown" time="23.956" errors="0" timestamp="2024-03-05T21:08:12 EST" skipped="0">
  <testcase classname="com.automation.Day23_Mar_05_2024_Dynamic_Dropdowns.Looping_Dropdown" name="loopingDropDownEaseMyTrip" time="23.956"/>
</testsuite> <!-- com.automation.Day23_Mar_05_2024_Dynamic_Dropdowns.Looping_Dropdown -->
