<?xml version="1.0" encoding="UTF-8"?>
<!-- Generated by org.testng.reporters.JUnitReportReporter -->
<testsuite hostname="SarthakDell" failures="0" tests="1" name="com.TestNG.Day10_Jan_17_2024_Introduction_to_TestNG.Annotations_Of_TestNG" time="0.004" errors="0" timestamp="2024-01-17T21:24:59 EST" skipped="0">
  <testcase classname="com.TestNG.Day10_Jan_17_2024_Introduction_to_TestNG.Annotations_Of_TestNG" name="testCase1" time="0.004"/>
</testsuite> <!-- com.TestNG.Day10_Jan_17_2024_Introduction_to_TestNG.Annotations_Of_TestNG -->
