<?xml version="1.0" encoding="UTF-8"?>
<!-- Generated by org.testng.reporters.JUnitReportReporter -->
<testsuite hostname="SarthakDell" failures="0" tests="5" name="com.TestNG.Day12_Jan_24_2024_Assertions_In_TestNG.Class_Assignment_Assertions_Login" time="30.166" errors="0" timestamp="2024-01-24T22:42:51 EST" skipped="0">
  <testcase classname="com.TestNG.Day12_Jan_24_2024_Assertions_In_TestNG.Class_Assignment_Assertions_Login" name="enterValidCredentials" time="5.993"/>
  <testcase classname="com.TestNG.Day12_Jan_24_2024_Assertions_In_TestNG.Class_Assignment_Assertions_Login" name="enterValidEmailInvalidPassword" time="6.889"/>
  <testcase classname="com.TestNG.Day12_Jan_24_2024_Assertions_In_TestNG.Class_Assignment_Assertions_Login" name="enterInvalidEmailValidPassword" time="6.098"/>
  <testcase classname="com.TestNG.Day12_Jan_24_2024_Assertions_In_TestNG.Class_Assignment_Assertions_Login" name="enterNoCredentials" time="5.431"/>
  <testcase classname="com.TestNG.Day12_Jan_24_2024_Assertions_In_TestNG.Class_Assignment_Assertions_Login" name="enterInvalidCredentials" time="5.755"/>
</testsuite> <!-- com.TestNG.Day12_Jan_24_2024_Assertions_In_TestNG.Class_Assignment_Assertions_Login -->
