<?xml version="1.0" encoding="UTF-8"?>
<!-- Generated by org.testng.reporters.JUnitReportReporter -->
<testsuite hostname="SarthakDell" failures="0" tests="2" name="com.TestNG.Day10_Jan_17_2024_Introduction_to_TestNG.TriCombo_Application_In_Automation" time="12.668" errors="0" timestamp="2024-01-17T21:42:39 EST" skipped="0">
  <testcase classname="com.TestNG.Day10_Jan_17_2024_Introduction_to_TestNG.TriCombo_Application_In_Automation" name="registerTest" time="6.411"/>
  <testcase classname="com.TestNG.Day10_Jan_17_2024_Introduction_to_TestNG.TriCombo_Application_In_Automation" name="loginTest" time="6.257"/>
</testsuite> <!-- com.TestNG.Day10_Jan_17_2024_Introduction_to_TestNG.TriCombo_Application_In_Automation -->
