<?xml version="1.0" encoding="UTF-8"?>
<!-- Generated by org.testng.reporters.JUnitReportReporter -->
<testsuite hostname="SarthakDell" failures="0" tests="1" name="com.automation.Day15_Feb_06_2024_Wait_Conditions_in_Selenium.Login_ExplicitWait" time="5.425" errors="0" timestamp="2024-02-06T22:57:59 EST" skipped="0">
  <testcase classname="com.automation.Day15_Feb_06_2024_Wait_Conditions_in_Selenium.Login_ExplicitWait" name="validCredentials" time="5.425"/>
</testsuite> <!-- com.automation.Day15_Feb_06_2024_Wait_Conditions_in_Selenium.Login_ExplicitWait -->
