<?xml version="1.0" encoding="UTF-8"?>
<!-- Generated by org.testng.reporters.JUnitReportReporter -->
<testsuite hostname="SarthakDell" failures="0" tests="3" name="com.TestNG.Day10_Jan_17_2024_Introduction_to_TestNG.TriCombo_TestNG" time="0.052" errors="0" timestamp="2024-01-17T21:34:46 EST" skipped="0">
  <testcase classname="com.TestNG.Day10_Jan_17_2024_Introduction_to_TestNG.TriCombo_TestNG" name="testCase3" time="0.006"/>
  <testcase classname="com.TestNG.Day10_Jan_17_2024_Introduction_to_TestNG.TriCombo_TestNG" name="testCase2" time="0.008"/>
  <testcase classname="com.TestNG.Day10_Jan_17_2024_Introduction_to_TestNG.TriCombo_TestNG" name="testCase1" time="0.038"/>
</testsuite> <!-- com.TestNG.Day10_Jan_17_2024_Introduction_to_TestNG.TriCombo_TestNG -->
