<?xml version="1.0" encoding="UTF-8"?>
<!-- Generated by org.testng.reporters.JUnitReportReporter -->
<testsuite hostname="SarthakDell" failures="0" tests="5" name="com.TestNG.Day12_Jan_24_2024_Assertions_In_TestNG.Class_Assignment_Assertions" time="31.194" errors="0" timestamp="2024-01-24T22:31:20 EST" skipped="0">
  <testcase classname="com.TestNG.Day12_Jan_24_2024_Assertions_In_TestNG.Class_Assignment_Assertions" name="registerWithNoInputs" time="7.091"/>
  <testcase classname="com.TestNG.Day12_Jan_24_2024_Assertions_In_TestNG.Class_Assignment_Assertions" name="registerWithMandatoryDetails" time="5.570"/>
  <testcase classname="com.TestNG.Day12_Jan_24_2024_Assertions_In_TestNG.Class_Assignment_Assertions" name="registerWithAllDetails" time="6.187"/>
  <testcase classname="com.TestNG.Day12_Jan_24_2024_Assertions_In_TestNG.Class_Assignment_Assertions" name="registerWithExistingEmail" time="6.024"/>
  <testcase classname="com.TestNG.Day12_Jan_24_2024_Assertions_In_TestNG.Class_Assignment_Assertions" name="registerWithWrongConfirmPassword" time="6.322"/>
</testsuite> <!-- com.TestNG.Day12_Jan_24_2024_Assertions_In_TestNG.Class_Assignment_Assertions -->
