<?xml version="1.0" encoding="UTF-8"?>
<!-- Generated by org.testng.reporters.JUnitReportReporter -->
<testsuite hostname="SarthakDell" failures="0" tests="1" name="com.automation.Day18_Feb_14_2024_Wait_Selenium_Extra_Topics.ZoomIN_ZoomOUT" time="10.595" errors="0" timestamp="2024-02-14T20:40:15 EST" skipped="0">
  <testcase classname="com.automation.Day18_Feb_14_2024_Wait_Selenium_Extra_Topics.ZoomIN_ZoomOUT" name="zoomInZoomOut" time="10.595"/>
</testsuite> <!-- com.automation.Day18_Feb_14_2024_Wait_Selenium_Extra_Topics.ZoomIN_ZoomOUT -->
