<?xml version="1.0" encoding="UTF-8"?>
<!-- Generated by org.testng.reporters.JUnitReportReporter -->
<testsuite hostname="SarthakDell" failures="0" tests="10" name="com.TestNG.Day16_Feb_07_2024_DataProvider.DataProvider_TutorialsNinjaLogin" time="62.246" errors="0" timestamp="2024-02-07T21:26:06 EST" skipped="0">
  <testcase classname="com.TestNG.Day16_Feb_07_2024_DataProvider.DataProvider_TutorialsNinjaLogin" name="loginTest" time="5.874"/>
  <testcase classname="com.TestNG.Day16_Feb_07_2024_DataProvider.DataProvider_TutorialsNinjaLogin" name="loginTest" time="5.693"/>
  <testcase classname="com.TestNG.Day16_Feb_07_2024_DataProvider.DataProvider_TutorialsNinjaLogin" name="loginTest" time="6.171"/>
  <testcase classname="com.TestNG.Day16_Feb_07_2024_DataProvider.DataProvider_TutorialsNinjaLogin" name="loginTest" time="6.140"/>
  <testcase classname="com.TestNG.Day16_Feb_07_2024_DataProvider.DataProvider_TutorialsNinjaLogin" name="loginTest" time="5.812"/>
  <testcase classname="com.TestNG.Day16_Feb_07_2024_DataProvider.DataProvider_TutorialsNinjaLogin" name="loginTest" time="5.680"/>
  <testcase classname="com.TestNG.Day16_Feb_07_2024_DataProvider.DataProvider_TutorialsNinjaLogin" name="loginTest" time="5.909"/>
  <testcase classname="com.TestNG.Day16_Feb_07_2024_DataProvider.DataProvider_TutorialsNinjaLogin" name="loginTest" time="6.038"/>
  <testcase classname="com.TestNG.Day16_Feb_07_2024_DataProvider.DataProvider_TutorialsNinjaLogin" name="loginTest" time="8.924"/>
  <testcase classname="com.TestNG.Day16_Feb_07_2024_DataProvider.DataProvider_TutorialsNinjaLogin" name="loginTest" time="6.005"/>
</testsuite> <!-- com.TestNG.Day16_Feb_07_2024_DataProvider.DataProvider_TutorialsNinjaLogin -->
