<?xml version="1.0" encoding="UTF-8"?>
<!-- Generated by org.testng.reporters.JUnitReportReporter -->
<testsuite hostname="SarthakDell" failures="0" tests="1" name="com.automation.Day24_Mar_06_2024_Multiple_WebElements.Handling_Multiple_WebElements" time="14.905" errors="0" timestamp="2024-03-06T19:34:04 EST" skipped="0">
  <testcase classname="com.automation.Day24_Mar_06_2024_Multiple_WebElements.Handling_Multiple_WebElements" name="findingMultipleLinks" time="14.905"/>
</testsuite> <!-- com.automation.Day24_Mar_06_2024_Multiple_WebElements.Handling_Multiple_WebElements -->
