<?xml version="1.0" encoding="UTF-8"?>
<!-- Generated by org.testng.reporters.JUnitReportReporter -->
<testsuite hostname="SarthakDell" failures="0" tests="1" name="com.automation.Day15_Feb_06_2024_Wait_Conditions_in_Selenium.What_Are_Wait_Conditions" time="16.200" errors="0" timestamp="2024-02-06T22:30:42 EST" skipped="0">
  <testcase classname="com.automation.Day15_Feb_06_2024_Wait_Conditions_in_Selenium.What_Are_Wait_Conditions" name="explicitWaitUnderstanding" time="16.200"/>
</testsuite> <!-- com.automation.Day15_Feb_06_2024_Wait_Conditions_in_Selenium.What_Are_Wait_Conditions -->
